<?xml version="1.0" encoding="UTF-8"?>
<!-- Generated by org.testng.reporters.JUnitReportReporter -->
<testsuite hostname="TestMachine" failures="0" tests="4" name="Practice.TestNGTest" time="0.029" errors="0" timestamp="2024-07-09T15:48:11 CEST" skipped="0">
  <testcase classname="Practice.TestNGTest" name="deletContactTest" time="0.002"/>
  <system-out/>
  <testcase classname="Practice.TestNGTest" name="createContactTest" time="0.003"/>
  <system-out/>
  <testcase classname="Practice.TestNGTest" name="modifyContactTest" time="0.002"/>
  <system-out/>
  <testcase classname="Practice.TestNGTest" name="createContactTest" time="0.022"/>
  <system-out/>
</testsuite> <!-- Practice.TestNGTest -->
