<?xml version="1.0" encoding="UTF-8"?>
<!-- Generated by org.testng.reporters.JUnitReportReporter -->
<testsuite hostname="TestMachine" failures="0" tests="3" name="Practice.DataProviderExam2" time="57.356" errors="0" timestamp="2024-07-09T16:58:57 CEST" skipped="0">
  <testcase classname="Practice.DataProviderExam2" name="createOrganization" time="19.448"/>
  <system-out/>
  <testcase classname="Practice.DataProviderExam2" name="createOrganization" time="18.988"/>
  <system-out/>
  <testcase classname="Practice.DataProviderExam2" name="createOrganization" time="18.920"/>
  <system-out/>
</testsuite> <!-- Practice.DataProviderExam2 -->
