<?xml version="1.0" encoding="UTF-8"?>
<!-- Generated by org.testng.reporters.JUnitReportReporter -->
<testsuite hostname="TestMachine" failures="0" tests="1" name="Campaign.CreateCampaignWithProductTest" time="37.899" errors="0" timestamp="2024-07-18T15:52:07 CEST" skipped="0">
  <testcase classname="Campaign.CreateCampaignWithProductTest" name="createCampaignWithProductTest" time="37.899"/>
  <system-out/>
</testsuite> <!-- Campaign.CreateCampaignWithProductTest -->
