<?xml version="1.0" encoding="UTF-8"?>
<!-- Generated by org.testng.reporters.JUnitReportReporter -->
<testsuite hostname="TestMachine" failures="0" tests="3" name="Practice.DataProviderExam1" time="0.017" errors="0" timestamp="2024-07-09T17:36:28 CEST" skipped="0">
  <testcase classname="Practice.DataProviderExam1" name="bookTickets" time="0.002"/>
  <system-out/>
  <testcase classname="Practice.DataProviderExam1" name="bookTickets" time="0.003"/>
  <system-out/>
  <testcase classname="Practice.DataProviderExam1" name="bookTickets" time="0.012"/>
  <system-out/>
</testsuite> <!-- Practice.DataProviderExam1 -->
