<?xml version="1.0" encoding="UTF-8"?>
<!-- Generated by org.testng.reporters.JUnitReportReporter -->
<testsuite hostname="TestMachine" failures="0" tests="3" name="Practice.DataProviderExam3" time="58.511" errors="0" timestamp="2024-07-09T17:36:15 CEST" skipped="0">
  <testcase classname="Practice.DataProviderExam3" name="createOrganization" time="18.926"/>
  <system-out/>
  <testcase classname="Practice.DataProviderExam3" name="createOrganization" time="19.459"/>
  <system-out/>
  <testcase classname="Practice.DataProviderExam3" name="createOrganization" time="20.126"/>
  <system-out/>
</testsuite> <!-- Practice.DataProviderExam3 -->
