<?xml version="1.0" encoding="UTF-8"?>
<!-- Generated by org.testng.reporters.JUnitReportReporter -->
<testsuite hostname="TestMachine" failures="0" tests="2" name="Organization.CreateOrganizationTest" time="29.740" errors="0" timestamp="2024-07-18T15:52:07 CEST" skipped="0">
  <testcase classname="Organization.CreateOrganizationTest" name="TestRegional" time="9.607"/>
  <system-out/>
  <testcase classname="Organization.CreateOrganizationTest" name="CreateOrganizationTest" time="20.133"/>
  <system-out/>
</testsuite> <!-- Organization.CreateOrganizationTest -->
