<?xml version="1.0" encoding="UTF-8"?>
<!-- Generated by org.testng.reporters.JUnitReportReporter -->
<testsuite hostname="TestMachine" failures="0" tests="1" name="dataDrivenTesting.FetchDataFromDatabaseTest" time="6.777" errors="0" timestamp="2024-07-10T17:19:05 CEST" skipped="0">
  <testcase classname="dataDrivenTesting.FetchDataFromDatabaseTest" name="FetchDataFromDatabaseTest" time="6.777"/>
  <system-out/>
</testsuite> <!-- dataDrivenTesting.FetchDataFromDatabaseTest -->
